Using pre-set license

 COMMAND LINE ARGUMENTS:
/Applications/Unity/Hub/Editor/2021.1.1f1/Unity.app/Contents/MacOS/Unity
-adb2
-batchMode
-noUpm
-name
AssetImportWorker0
-projectPath
/Users/hoon/Desktop/Unity_Basics
-logFile
Logs/AssetImportWorker0.log
-srvPort
60960
Successfully changed project path to: /Users/hoon/Desktop/Unity_Basics
/Users/hoon/Desktop/Unity_Basics
Using Asset Import Pipeline V2.
Refreshing native plugins compatible for Editor in 80.75 ms, found 1 plugins.
Preloading 0 native plugins for Editor in 0.00 ms.
Initialize engine version: 2021.1.1f1 (6fdc41dfa55a)
[Subsystems] Discovering subsystems at path /Applications/Unity/Hub/Editor/2021.1.1f1/Unity.app/Contents/Resources/UnitySubsystems
[Subsystems] Discovering subsystems at path /Users/hoon/Desktop/Unity_Basics/Assets
GfxDevice: creating device client; threaded=0; jobified=0
2021-04-05 21:08:16.463 Unity[19184:1154392] (null) preferred device: Apple M1 (high power)
2021-04-05 21:08:16.463 Unity[19184:1154392] Metal devices available: 1
2021-04-05 21:08:16.463 Unity[19184:1154392] 0: Apple M1 (high power)
2021-04-05 21:08:16.464 Unity[19184:1154392] Using device Apple M1 (high power)
Initializing Metal device caps: Apple M1
Initialize mono
Mono path[0] = '/Applications/Unity/Hub/Editor/2021.1.1f1/Unity.app/Contents/Managed'
Mono path[1] = '/Applications/Unity/Hub/Editor/2021.1.1f1/Unity.app/Contents/MonoBleedingEdge/lib/mono/unityjit'
Mono config path = '/Applications/Unity/Hub/Editor/2021.1.1f1/Unity.app/Contents/MonoBleedingEdge/etc'
Using monoOptions --debugger-agent=transport=dt_socket,embedding=1,server=y,suspend=n,address=127.0.0.1:56184
Begin MonoManager ReloadAssembly
Registering precompiled unity dll's ...
Register platform support module: /Applications/Unity/Hub/Editor/2021.1.1f1/Unity.app/Contents/PlaybackEngines/MacStandaloneSupport/UnityEditor.OSXStandalone.Extensions.dll
Register platform support module: /Applications/Unity/Hub/Editor/2021.1.1f1/PlaybackEngines/WindowsStandaloneSupport/UnityEditor.WindowsStandalone.Extensions.dll
Registered in 0.000511 seconds.
Native extension for WindowsStandalone target not found
Native extension for OSXStandalone target not found
Refreshing native plugins compatible for Editor in 99.46 ms, found 1 plugins.
Preloading 0 native plugins for Editor in 0.00 ms.
Mono: successfully reloaded assembly
- Completed reload, in  3.536 seconds
Platform modules already initialized, skipping
Registering precompiled user dll's ...
Registered in 0.001362 seconds.
Begin MonoManager ReloadAssembly
Native extension for WindowsStandalone target not found
Native extension for OSXStandalone target not found
Refreshing native plugins compatible for Editor in 0.57 ms, found 1 plugins.
Preloading 0 native plugins for Editor in 0.00 ms.
Mono: successfully reloaded assembly
- Completed reload, in  2.180 seconds
Platform modules already initialized, skipping
========================================================================
Worker process is ready to serve import requests
Launching external process: /Applications/Unity/Hub/Editor/2021.1.1f1/Unity.app/Contents/Tools/UnityShaderCompiler
Launched and connected shader compiler UnityShaderCompiler after 0.03 seconds
Refreshing native plugins compatible for Editor in 0.42 ms, found 1 plugins.
Preloading 0 native plugins for Editor in 0.00 ms.
Unloading 2666 Unused Serialized files (Serialized files now loaded: 0)
System memory in use before: 170.0 MB.
System memory in use after: 170.2 MB.

Unloading 15 unused Assets to reduce memory usage. Loaded Objects now: 3118.
Total: 1.790833 ms (FindLiveObjects: 0.163917 ms CreateObjectMapping: 0.060000 ms MarkObjects: 1.495542 ms  DeleteObjects: 0.070500 ms)

========================================================================
Received Import Request.
  path: Assets/Player.cs
  artifactKey: Guid(393e87eb6ccb3445c86f0241c9341639) Importer(815301076,1909f56bfc062723c751e8b465ee728b)
Start importing Assets/Player.cs using Guid(393e87eb6ccb3445c86f0241c9341639) Importer(815301076,1909f56bfc062723c751e8b465ee728b)  -> (artifact id: '3bee656394f169714462b08986cfdd88') in 0.207916 seconds 
